{"obj": {"type": "AssignString", "path": ["sys", "name"], "value": "Untitled"}, "version": 1}
{"obj": {"type": "AssignString", "path": ["sys", "description"], "value": ""}, "version": 2}
{"obj": {"type": "AssignString", "path": ["sys", "hostname"], "value": "macs-MacBook-Pro.local"}, "version": 3}
{"obj": {"type": "AssignBool", "path": ["sys", "failed"], "value": false}, "version": 4}
{"obj": {"type": "ClearStringLog", "path": ["monitoring", "stdout"]}, "version": 5}
{"obj": {"type": "ClearStringLog", "path": ["monitoring", "stderr"]}, "version": 6}
{"obj": {"type": "AssignString", "path": ["source_code", "entrypoint"], "value": "train_gcn2019.py"}, "version": 7}
{"obj": {"type": "UploadFileSet", "path": ["source_code", "files"], "file_globs": ["/Users/mac/Desktop/AUGCN/pygcn3/pygcn/train_gcn2019.py"], "reset": "False"}, "version": 8}
{"obj": {"type": "ConfigFloatSeries", "path": ["monitoring", "cpu"], "min": 0.0, "max": 100.0, "unit": "%"}, "version": 9}
{"obj": {"type": "ClearFloatLog", "path": ["monitoring", "cpu"]}, "version": 10}
{"obj": {"type": "ConfigFloatSeries", "path": ["monitoring", "memory"], "min": 0.0, "max": 16.0, "unit": "GB"}, "version": 11}
{"obj": {"type": "ClearFloatLog", "path": ["monitoring", "memory"]}, "version": 12}
{"obj": {"type": "LogFloats", "path": ["monitoring", "cpu"], "values": [{"value": 27.3, "step": null, "ts": 1678281020.7969642}]}, "version": 13}
{"obj": {"type": "LogStrings", "path": ["monitoring", "stderr"], "values": [{"value": "Info (NVML): NVML Shared Library Not Found. GPU usage metrics may not be reported. For more information, see https://docs.neptune.ai/help/nvml_error/\n", "step": null, "ts": 1678281020.798651}]}, "version": 14}
{"obj": {"type": "LogFloats", "path": ["monitoring", "memory"], "values": [{"value": 10.644416809082031, "step": null, "ts": 1678281020.7969642}]}, "version": 15}
{"obj": {"type": "AssignString", "path": ["algorithm"], "value": "AU-GCN"}, "version": 16}
{"obj": {"type": "AssignFloat", "path": ["parameters", "dropout"], "value": 0.5}, "version": 17}
{"obj": {"type": "AssignFloat", "path": ["parameters", "learning_rate"], "value": 0.01}, "version": 18}
{"obj": {"type": "AssignString", "path": ["parameters", "optimizer"], "value": "Adam"}, "version": 19}
{"obj": {"type": "AssignFloat", "path": ["parameters", "weight_decay"], "value": 0.0005}, "version": 20}
{"obj": {"type": "AssignInt", "path": ["parameters", "hidden_layers"], "value": 64}, "version": 21}
{"obj": {"type": "LogFloats", "path": ["monitoring", "cpu"], "values": [{"value": 35.4, "step": null, "ts": 1678281030.8050601}]}, "version": 22}
{"obj": {"type": "LogFloats", "path": ["monitoring", "memory"], "values": [{"value": 10.544189453125, "step": null, "ts": 1678281030.8050601}]}, "version": 23}
{"obj": {"type": "LogFloats", "path": ["monitoring", "cpu"], "values": [{"value": 26.8, "step": null, "ts": 1678281040.805866}]}, "version": 24}
{"obj": {"type": "LogFloats", "path": ["monitoring", "memory"], "values": [{"value": 10.560462951660156, "step": null, "ts": 1678281040.805866}]}, "version": 25}
{"obj": {"type": "LogFloats", "path": ["monitoring", "cpu"], "values": [{"value": 30.2, "step": null, "ts": 1678281050.806796}]}, "version": 26}
{"obj": {"type": "LogFloats", "path": ["monitoring", "memory"], "values": [{"value": 10.580039978027344, "step": null, "ts": 1678281050.806796}]}, "version": 27}
{"obj": {"type": "LogFloats", "path": ["monitoring", "cpu"], "values": [{"value": 27.3, "step": null, "ts": 1678281060.816243}]}, "version": 28}
{"obj": {"type": "LogFloats", "path": ["monitoring", "memory"], "values": [{"value": 10.505241394042969, "step": null, "ts": 1678281060.816243}]}, "version": 29}
